<?xml version="1.0" encoding="UTF-8"?>
<testsuite xmlns:xsi="http://www.w3.org/2001/XMLSchema-instance" xsi:noNamespaceSchemaLocation="https://maven.apache.org/surefire/maven-surefire-plugin/xsd/surefire-test-report.xsd" name="org.pcap4j.test.packet.IcmpV4DestinationUnreachablePacketTest" time="0.008" tests="7" errors="0" skipped="0" failures="0">
  <properties>
    <property name="sun.desktop" value="windows"/>
    <property name="awt.toolkit" value="sun.awt.windows.WToolkit"/>
    <property name="java.specification.version" value="11"/>
    <property name="sun.cpu.isalist" value="amd64"/>
    <property name="sun.jnu.encoding" value="Cp1252"/>
    <property name="java.class.path" value="C:\Users\User\IdeaProjects\pcap4j-1\pcap4j-1\pcap4j-packetfactory-static\target\test-classes;C:\Users\User\IdeaProjects\pcap4j-1\pcap4j-1\pcap4j-packettest\target\pcap4j-packettest-1.8.2-SNAPSHOT-tests.jar;C:\Users\User\.m2\repository\junit\junit\4.10\junit-4.10.jar;C:\Users\User\.m2\repository\org\hamcrest\hamcrest-core\1.1\hamcrest-core-1.1.jar;C:\Users\User\.m2\repository\ch\qos\logback\logback-classic\1.0.0\logback-classic-1.0.0.jar;C:\Users\User\.m2\repository\ch\qos\logback\logback-core\1.0.0\logback-core-1.0.0.jar;"/>
    <property name="java.vm.vendor" value="Oracle Corporation"/>
    <property name="sun.arch.data.model" value="64"/>
    <property name="user.variant" value=""/>
    <property name="java.vendor.url" value="http://java.oracle.com/"/>
    <property name="user.timezone" value="America/New_York"/>
    <property name="java.vm.specification.version" value="11"/>
    <property name="os.name" value="Windows 10"/>
    <property name="sun.java.launcher" value="SUN_STANDARD"/>
    <property name="user.country" value="US"/>
    <property name="sun.boot.library.path" value="C:\Program Files\Java\jdk-11.0.3\bin"/>
    <property name="sun.java.command" value="org.apache.maven.surefire.booter.ForkedBooter C:\Users\User\AppData\Local\Temp\surefire7537540251075815640 2019-06-13T12-23-08_402-jvmRun1 surefire16739556028425605560tmp surefire_117230135860945735504tmp"/>
    <property name="jdk.debug" value="release"/>
    <property name="surefire.test.class.path" value="C:\Users\User\IdeaProjects\pcap4j-1\pcap4j-1\pcap4j-packetfactory-static\target\test-classes;C:\Users\User\IdeaProjects\pcap4j-1\pcap4j-1\pcap4j-packettest\target\pcap4j-packettest-1.8.2-SNAPSHOT-tests.jar;C:\Users\User\.m2\repository\junit\junit\4.10\junit-4.10.jar;C:\Users\User\.m2\repository\org\hamcrest\hamcrest-core\1.1\hamcrest-core-1.1.jar;C:\Users\User\.m2\repository\ch\qos\logback\logback-classic\1.0.0\logback-classic-1.0.0.jar;C:\Users\User\.m2\repository\ch\qos\logback\logback-core\1.0.0\logback-core-1.0.0.jar;"/>
    <property name="sun.cpu.endian" value="little"/>
    <property name="user.home" value="C:\Users\User"/>
    <property name="user.language" value="en"/>
    <property name="java.specification.vendor" value="Oracle Corporation"/>
    <property name="jdk.module.path" value="C:\Users\User\IdeaProjects\pcap4j-1\pcap4j-1\pcap4j-packetfactory-static\target\classes;C:\Users\User\IdeaProjects\pcap4j-1\pcap4j-1\pcap4j-core\target\pcap4j-core-1.8.2-SNAPSHOT.jar;C:\Users\User\.m2\repository\net\java\dev\jna\jna\5.3.1\jna-5.3.1.jar;C:\Users\User\.m2\repository\org\slf4j\slf4j-api\1.7.26\slf4j-api-1.7.26.jar"/>
    <property name="java.version.date" value="2019-04-16"/>
    <property name="java.home" value="C:\Program Files\Java\jdk-11.0.3"/>
    <property name="file.separator" value="\"/>
    <property name="basedir" value="C:\Users\User\IdeaProjects\pcap4j-1\pcap4j-1\pcap4j-packetfactory-static"/>
    <property name="java.vm.compressedOopsMode" value="Zero based"/>
    <property name="line.separator" value="&#10;"/>
    <property name="java.specification.name" value="Java Platform API Specification"/>
    <property name="java.vm.specification.vendor" value="Oracle Corporation"/>
    <property name="java.awt.graphicsenv" value="sun.awt.Win32GraphicsEnvironment"/>
    <property name="org.pcap4j.test.packet.AbstractPacketTest.resourceDir" value="target/test-classes"/>
    <property name="surefire.real.class.path" value="C:\Users\User\.m2\repository\org\apache\maven\surefire\surefire-booter\2.22.2\surefire-booter-2.22.2.jar;C:\Users\User\.m2\repository\org\apache\maven\surefire\surefire-api\2.22.2\surefire-api-2.22.2.jar;C:\Users\User\.m2\repository\org\apache\maven\surefire\surefire-logger-api\2.22.2\surefire-logger-api-2.22.2.jar;C:\Users\User\IdeaProjects\pcap4j-1\pcap4j-1\pcap4j-packetfactory-static\target\test-classes;C:\Users\User\IdeaProjects\pcap4j-1\pcap4j-1\pcap4j-packettest\target\pcap4j-packettest-1.8.2-SNAPSHOT-tests.jar;C:\Users\User\.m2\repository\junit\junit\4.10\junit-4.10.jar;C:\Users\User\.m2\repository\org\hamcrest\hamcrest-core\1.1\hamcrest-core-1.1.jar;C:\Users\User\.m2\repository\ch\qos\logback\logback-classic\1.0.0\logback-classic-1.0.0.jar;C:\Users\User\.m2\repository\ch\qos\logback\logback-core\1.0.0\logback-core-1.0.0.jar;C:\Users\User\.m2\repository\org\apache\maven\surefire\surefire-junit4\2.22.2\surefire-junit4-2.22.2.jar"/>
    <property name="user.script" value=""/>
    <property name="sun.management.compiler" value="HotSpot 64-Bit Tiered Compilers"/>
    <property name="java.runtime.version" value="11.0.3+12-LTS"/>
    <property name="user.name" value="User"/>
    <property name="path.separator" value=";"/>
    <property name="os.version" value="10.0"/>
    <property name="java.runtime.name" value="Java(TM) SE Runtime Environment"/>
    <property name="file.encoding" value="Cp1252"/>
    <property name="java.vm.name" value="Java HotSpot(TM) 64-Bit Server VM"/>
    <property name="java.vendor.version" value="18.9"/>
    <property name="localRepository" value="C:\Users\User\.m2\repository"/>
    <property name="java.vendor.url.bug" value="http://bugreport.java.com/bugreport/"/>
    <property name="java.io.tmpdir" value="C:\Users\User\AppData\Local\Temp\"/>
    <property name="java.version" value="11.0.3"/>
    <property name="user.dir" value="C:\Users\User\IdeaProjects\pcap4j-1\pcap4j-1\pcap4j-packetfactory-static"/>
    <property name="os.arch" value="amd64"/>
    <property name="java.vm.specification.name" value="Java Virtual Machine Specification"/>
    <property name="java.awt.printerjob" value="sun.awt.windows.WPrinterJob"/>
    <property name="sun.os.patch.level" value=""/>
    <property name="java.library.path" value="C:\Program Files\Java\jdk-11.0.3\bin;C:\Windows\Sun\Java\bin;C:\Windows\system32;C:\Windows;C:\Program Files (x86)\Common Files\Oracle\Java\javapath;C:\WinAVR-20100110\bin;C:\WinAVR-20100110\utils\bin;C:\Windows\system32;C:\Windows;C:\Windows\System32\Wbem;C:\Windows\System32\WindowsPowerShell\v1.0\;C:\Windows\System32\OpenSSH\;C:\Program Files\Git\cmd;C:\Program Files\apache-maven-3.6.1\bin;C:\Users\User\AppData\Local\Microsoft\WindowsApps;."/>
    <property name="java.vendor" value="Oracle Corporation"/>
    <property name="java.vm.info" value="mixed mode"/>
    <property name="java.vm.version" value="11.0.3+12-LTS"/>
    <property name="org.pcap4j.test.packet.AbstractPacketTest.tmpDir" value="target/test"/>
    <property name="sun.io.unicode.encoding" value="UnicodeLittle"/>
    <property name="java.class.version" value="55.0"/>
  </properties>
  <testcase name="testNewPacket" classname="org.pcap4j.test.packet.IcmpV4DestinationUnreachablePacketTest" time="0"/>
  <testcase name="testGetHeader" classname="org.pcap4j.test.packet.IcmpV4DestinationUnreachablePacketTest" time="0"/>
  <testcase name="testDump" classname="org.pcap4j.test.packet.IcmpV4DestinationUnreachablePacketTest" time="0"/>
  <testcase name="testLength" classname="org.pcap4j.test.packet.IcmpV4DestinationUnreachablePacketTest" time="0"/>
  <testcase name="testWriteRead" classname="org.pcap4j.test.packet.IcmpV4DestinationUnreachablePacketTest" time="0"/>
  <testcase name="testGetBuilder" classname="org.pcap4j.test.packet.IcmpV4DestinationUnreachablePacketTest" time="0.001"/>
  <testcase name="testToString" classname="org.pcap4j.test.packet.IcmpV4DestinationUnreachablePacketTest" time="0"/>
</testsuite>